{"logTime":"0709/205356","correlationVector":"0Q69jasTdAV+J2ffnO0Qh4.1","action":"SyncServerConnectionManagerRequest", "result":"SYNC_SERVER_OK", "context":{"environment":"48F630A6-CB1B-4CC7-86AF-0F6627234B58", "server":"BN3PEPF00000891"}}
{"logTime":"0709/205356","correlationVector":"zQ8KMP/legMuZ5GHY30kbu.1","action":"SyncServerConnectionManagerRequest", "result":"SYNC_SERVER_OK", "context":{"environment":"48F630A6-CB1B-4CC7-86AF-0F6627234B58", "server":"BN3PEPF00000891"}}
{"logTime":"0709/205356","correlationVector":"0Q69jasTdAV+J2ffnO0Qh4","action":"Initial GetUpdates", "result":""}
{"logTime":"0709/205356","correlationVector":"0Q69jasTdAV+J2ffnO0Qh4.2","action":"GetUpdates Response", "result":"SERVER_MORE_TO_DOWNLOAD"}
{"logTime":"0709/205356","correlationVector":"zQ8KMP/legMuZ5GHY30kbu","action":"Initial GetUpdates", "result":""}
{"logTime":"0709/205356","correlationVector":"zQ8KMP/legMuZ5GHY30kbu.2","action":"GetUpdates Response", "result":"SYNCER_OK"}
{"logTime":"0709/205357","correlationVector":"cVpfglVApmkmNMb+eeWwdv","action":"SyncServerConnectionManagerRequest", "result":"SYNC_SERVER_OK", "context":{"environment":"", "server":""}}
{"logTime":"0709/205357","correlationVector":"Tod5RCH58sEWFAwD5csiNl","action":"Initial GetUpdates", "result":""}
{"logTime":"0709/205357","correlationVector":"Tod5RCH58sEWFAwD5csiNl.1","action":"SyncServerConnectionManagerRequest", "result":"SYNC_SERVER_OK", "context":{"environment":"48F630A6-CB1B-4CC7-86AF-0F6627234B58", "server":"BN3PEPF00000891"}}
{"logTime":"0709/205357","correlationVector":"Tod5RCH58sEWFAwD5csiNl.2","action":"GetUpdates Response", "result":"SERVER_MORE_TO_DOWNLOAD"}
{"logTime":"0709/205357","correlationVector":"WUu62i7aO6hOzU+zRRDi2o","action":"Initial GetUpdates", "result":""}
{"logTime":"0709/205358","correlationVector":"WUu62i7aO6hOzU+zRRDi2o.1","action":"SyncServerConnectionManagerRequest", "result":"SYNC_SERVER_OK", "context":{"environment":"48F630A6-CB1B-4CC7-86AF-0F6627234B58", "server":"BN3PEPF00000891"}}
{"logTime":"0709/205358","correlationVector":"WUu62i7aO6hOzU+zRRDi2o.2","action":"GetUpdates Response", "result":"SYNCER_OK"}
{"logTime":"0709/205358","correlationVector":"Vhk6AHtiB6ICIqUlumfOhp","action":"Normal GetUpdate request", "result":""}
{"logTime":"0709/205358","correlationVector":"Vhk6AHtiB6ICIqUlumfOhp.1","action":"SyncServerConnectionManagerRequest", "result":"SYNC_SERVER_OK", "context":{"environment":"48F630A6-CB1B-4CC7-86AF-0F6627234B58", "server":"BN3PEPF00000891"}}
{"logTime":"0709/205358","correlationVector":"Vhk6AHtiB6ICIqUlumfOhp.2","action":"GetUpdates Response", "result":"SYNCER_OK"}
{"logTime":"0709/205358","correlationVector":"LS65fO4nlpN6Fej62dfcsf","action":"Commit Request", "result":""}
{"logTime":"0709/205358","correlationVector":"LS65fO4nlpN6Fej62dfcsf.1","action":"SyncServerConnectionManagerRequest", "result":"SYNC_SERVER_OK", "context":{"environment":"48F630A6-CB1B-4CC7-86AF-0F6627234B58", "server":"BN3PEPF00000891"}}
{"logTime":"0709/205358","correlationVector":"LS65fO4nlpN6Fej62dfcsf.2","action":"Commit Response", "result":"SYNCER_OK"}
{"logTime":"0709/210406","correlationVector":"7r272MAJrZHUgHEc3tRxdb.0","action":"FeedSettingFetch_homeCloud", "result":"0", "context":{}}
{"logTime":"0709/210406","correlationVector":"uRTYw1CWhYUF4rNFOAqT4Q.1","action":"SyncServerConnectionManagerRequest", "result":"SYNC_SERVER_OK", "context":{"environment":"48F630A6-CB1B-4CC7-86AF-0F6627234B58", "server":"BN3PEPF0000089D"}}
{"logTime":"0709/210407","correlationVector":"q30TPS0kD8wqKVn0ZbCen3.1","action":"SyncServerConnectionManagerRequest", "result":"SYNC_SERVER_OK", "context":{"environment":"48F630A6-CB1B-4CC7-86AF-0F6627234B58", "server":"BN3PEPF0000089D"}}
{"logTime":"0709/210407","correlationVector":"uRTYw1CWhYUF4rNFOAqT4Q","action":"Initial GetUpdates", "result":""}
{"logTime":"0709/210407","correlationVector":"uRTYw1CWhYUF4rNFOAqT4Q.2","action":"GetUpdates Response", "result":"SERVER_MORE_TO_DOWNLOAD"}
{"logTime":"0709/210407","correlationVector":"q30TPS0kD8wqKVn0ZbCen3","action":"Initial GetUpdates", "result":""}
{"logTime":"0709/210407","correlationVector":"q30TPS0kD8wqKVn0ZbCen3.2","action":"GetUpdates Response", "result":"SYNCER_OK"}
{"logTime":"0709/210407","correlationVector":"P1QZpta36yuuecYuk2yEXs","action":"Normal GetUpdate request", "result":""}
{"logTime":"0709/210407","correlationVector":"P1QZpta36yuuecYuk2yEXs.1","action":"SyncServerConnectionManagerRequest", "result":"SYNC_SERVER_OK", "context":{"environment":"48F630A6-CB1B-4CC7-86AF-0F6627234B58", "server":"BN3PEPF0000089D"}}
{"logTime":"0709/210407","correlationVector":"P1QZpta36yuuecYuk2yEXs.2","action":"GetUpdates Response", "result":"SYNCER_OK"}
{"logTime":"0709/213938","correlationVector":"MO1yLlz50x/cp/OtTGwqKr.0","action":"FeedSettingFetch_homeCloud", "result":"0", "context":{}}
{"logTime":"0709/213938","correlationVector":"Ph4FhavKUDV0dKJgVe5xIz.1","action":"SyncServerConnectionManagerRequest", "result":"SYNC_SERVER_OK", "context":{"environment":"48F630A6-CB1B-4CC7-86AF-0F6627234B58", "server":"BN3PEPF0000086C"}}
{"logTime":"0709/213939","correlationVector":"cD/KloV/x2pi1oDAZif98l.1","action":"SyncServerConnectionManagerRequest", "result":"SYNC_SERVER_OK", "context":{"environment":"48F630A6-CB1B-4CC7-86AF-0F6627234B58", "server":"BN3PEPF0000086C"}}
{"logTime":"0709/213939","correlationVector":"Ph4FhavKUDV0dKJgVe5xIz","action":"Initial GetUpdates", "result":""}
{"logTime":"0709/213939","correlationVector":"Ph4FhavKUDV0dKJgVe5xIz.2","action":"GetUpdates Response", "result":"SERVER_MORE_TO_DOWNLOAD"}
{"logTime":"0709/213939","correlationVector":"cD/KloV/x2pi1oDAZif98l","action":"Initial GetUpdates", "result":""}
{"logTime":"0709/213939","correlationVector":"cD/KloV/x2pi1oDAZif98l.2","action":"GetUpdates Response", "result":"SYNCER_OK"}
{"logTime":"0709/213939","correlationVector":"xnTg6V4L/zW86wqbmv57zf","action":"Normal GetUpdate request", "result":""}
{"logTime":"0709/213939","correlationVector":"xnTg6V4L/zW86wqbmv57zf.1","action":"SyncServerConnectionManagerRequest", "result":"SYNC_SERVER_OK", "context":{"environment":"48F630A6-CB1B-4CC7-86AF-0F6627234B58", "server":"BN3PEPF0000086C"}}
{"logTime":"0709/213939","correlationVector":"xnTg6V4L/zW86wqbmv57zf.2","action":"GetUpdates Response", "result":"SYNCER_OK"}
